<?xml version="1.0" encoding="UTF-8" standalone="yes"?>
<ns2:test-suite start="1489498276464" stop="1489498296378" version="1.4.12" xmlns:ns2="urn:model.allure.qatools.yandex.ru">
    <name>GeoApteka : Проверка списка аптек</name>
    <title>GeoApteka : Проверка списка аптек</title>
    <test-cases>
        <test-case start="1489498278207" stop="1489498281759" status="passed">
            <name>baseTest[https://morrion.nabu.soft.cn.ua]</name>
            <steps/>
            <attachments/>
            <labels>
                <label name="host" value="user-P5K"/>
                <label name="thread" value="11509@user-P5K.main(1)"/>
            </labels>
        </test-case>
        <test-case start="1489498281842" stop="1489498285112" status="passed">
            <name>baseTest[https://morrion.ru.nabu.soft.cn.ua]</name>
            <steps/>
            <attachments/>
            <labels>
                <label name="host" value="user-P5K"/>
                <label name="thread" value="11509@user-P5K.main(1)"/>
            </labels>
        </test-case>
        <test-case start="1489498285114" stop="1489498296282" status="failed">
            <name>receiveListOfAptek</name>
            <failure>
                <message>AssertionError: expected [3] but found [0]</message>
                <stack-trace>java.lang.AssertionError: expected [3] but found [0]
	at org.testng.Assert.fail(Assert.java:94)
	at org.testng.Assert.failNotEquals(Assert.java:513)
	at org.testng.Assert.assertEqualsImpl(Assert.java:135)
	at org.testng.Assert.assertEquals(Assert.java:116)
	at org.testng.Assert.assertEquals(Assert.java:190)
	at org.testng.Assert.assertEquals(Assert.java:200)
	at Tests.ShowListOfAptekas.receiveListOfAptek(ShowListOfAptekas.java:15)
	at sun.reflect.NativeMethodAccessorImpl.invoke0(Native Method)
	at sun.reflect.NativeMethodAccessorImpl.invoke(NativeMethodAccessorImpl.java:62)
	at sun.reflect.DelegatingMethodAccessorImpl.invoke(DelegatingMethodAccessorImpl.java:43)
	at java.lang.reflect.Method.invoke(Method.java:498)
	at org.testng.internal.MethodInvocationHelper.invokeMethod(MethodInvocationHelper.java:104)
	at org.testng.internal.Invoker.invokeMethod(Invoker.java:645)
	at org.testng.internal.Invoker.invokeTestMethod(Invoker.java:851)
	at org.testng.internal.Invoker.invokeTestMethods(Invoker.java:1177)
	at org.testng.internal.TestMethodWorker.invokeTestMethods(TestMethodWorker.java:129)
	at org.testng.internal.TestMethodWorker.run(TestMethodWorker.java:112)
	at org.testng.TestRunner.privateRun(TestRunner.java:756)
	at org.testng.TestRunner.run(TestRunner.java:610)
	at org.testng.SuiteRunner.runTest(SuiteRunner.java:387)
	at org.testng.SuiteRunner.runSequentially(SuiteRunner.java:382)
	at org.testng.SuiteRunner.privateRun(SuiteRunner.java:340)
	at org.testng.SuiteRunner.run(SuiteRunner.java:289)
	at org.testng.SuiteRunnerWorker.runSuite(SuiteRunnerWorker.java:52)
	at org.testng.SuiteRunnerWorker.run(SuiteRunnerWorker.java:86)
	at org.testng.TestNG.runSuitesSequentially(TestNG.java:1293)
	at org.testng.TestNG.runSuitesLocally(TestNG.java:1218)
	at org.testng.TestNG.runSuites(TestNG.java:1133)
	at org.testng.TestNG.run(TestNG.java:1104)
	at org.testng.IDEARemoteTestNG.run(IDEARemoteTestNG.java:72)
	at org.testng.RemoteTestNGStarter.main(RemoteTestNGStarter.java:127)
	at sun.reflect.NativeMethodAccessorImpl.invoke0(Native Method)
	at sun.reflect.NativeMethodAccessorImpl.invoke(NativeMethodAccessorImpl.java:62)
	at sun.reflect.DelegatingMethodAccessorImpl.invoke(DelegatingMethodAccessorImpl.java:43)
	at java.lang.reflect.Method.invoke(Method.java:498)
	at com.intellij.rt.execution.application.AppMain.main(AppMain.java:147)
</stack-trace>
            </failure>
            <steps/>
            <attachments/>
            <labels>
                <label name="host" value="user-P5K"/>
                <label name="thread" value="11509@user-P5K.main(1)"/>
            </labels>
        </test-case>
    </test-cases>
    <labels>
        <label name="framework" value="TestNG"/>
        <label name="language" value="JAVA"/>
    </labels>
</ns2:test-suite>
