<?xml version="1.0" encoding="UTF-8" standalone="yes"?>
<ns2:test-suite start="1489498219487" stop="1489498237575" version="1.4.12" xmlns:ns2="urn:model.allure.qatools.yandex.ru">
    <name>GeoApteka : Проверка списка аптек</name>
    <title>GeoApteka : Проверка списка аптек</title>
    <test-cases>
        <test-case start="1489498219529" stop="1489498226490" status="passed">
            <name>baseTest[https://morrion.nabu.soft.cn.ua]</name>
            <steps/>
            <attachments/>
            <labels>
                <label name="host" value="user-P5K"/>
                <label name="thread" value="11257@user-P5K.main(1)"/>
            </labels>
        </test-case>
        <test-case start="1489498226564" stop="1489498229203" status="passed">
            <name>baseTest[https://morrion.ru.nabu.soft.cn.ua]</name>
            <steps/>
            <attachments/>
            <labels>
                <label name="host" value="user-P5K"/>
                <label name="thread" value="11257@user-P5K.main(1)"/>
            </labels>
        </test-case>
        <test-case start="1489498229205" stop="1489498237517" status="broken">
            <name>receiveListOfAptek</name>
            <failure>
                <message>NullPointerException: null</message>
                <stack-trace>java.lang.NullPointerException
	at org.openqa.selenium.remote.RemoteWebDriver.findElements(RemoteWebDriver.java:402)
	at org.openqa.selenium.remote.RemoteWebDriver.findElementsByXPath(RemoteWebDriver.java:477)
	at org.openqa.selenium.By$ByXPath.findElements(By.java:356)
	at org.openqa.selenium.remote.RemoteWebDriver.findElements(RemoteWebDriver.java:356)
	at SuppMethod.SuppMethod.searchElemts(SuppMethod.java:40)
	at Pages.GeoAptekaStartPage.countElemWithWorkingHours(GeoAptekaStartPage.java:96)
	at Tests.ShowListOfAptekas.receiveListOfAptek(ShowListOfAptekas.java:15)
	at sun.reflect.NativeMethodAccessorImpl.invoke0(Native Method)
	at sun.reflect.NativeMethodAccessorImpl.invoke(NativeMethodAccessorImpl.java:62)
	at sun.reflect.DelegatingMethodAccessorImpl.invoke(DelegatingMethodAccessorImpl.java:43)
	at java.lang.reflect.Method.invoke(Method.java:498)
	at org.testng.internal.MethodInvocationHelper.invokeMethod(MethodInvocationHelper.java:104)
	at org.testng.internal.Invoker.invokeMethod(Invoker.java:645)
	at org.testng.internal.Invoker.invokeTestMethod(Invoker.java:851)
	at org.testng.internal.Invoker.invokeTestMethods(Invoker.java:1177)
	at org.testng.internal.TestMethodWorker.invokeTestMethods(TestMethodWorker.java:129)
	at org.testng.internal.TestMethodWorker.run(TestMethodWorker.java:112)
	at org.testng.TestRunner.privateRun(TestRunner.java:756)
	at org.testng.TestRunner.run(TestRunner.java:610)
	at org.testng.SuiteRunner.runTest(SuiteRunner.java:387)
	at org.testng.SuiteRunner.runSequentially(SuiteRunner.java:382)
	at org.testng.SuiteRunner.privateRun(SuiteRunner.java:340)
	at org.testng.SuiteRunner.run(SuiteRunner.java:289)
	at org.testng.SuiteRunnerWorker.runSuite(SuiteRunnerWorker.java:52)
	at org.testng.SuiteRunnerWorker.run(SuiteRunnerWorker.java:86)
	at org.testng.TestNG.runSuitesSequentially(TestNG.java:1293)
	at org.testng.TestNG.runSuitesLocally(TestNG.java:1218)
	at org.testng.TestNG.runSuites(TestNG.java:1133)
	at org.testng.TestNG.run(TestNG.java:1104)
	at org.testng.IDEARemoteTestNG.run(IDEARemoteTestNG.java:72)
	at org.testng.RemoteTestNGStarter.main(RemoteTestNGStarter.java:127)
	at sun.reflect.NativeMethodAccessorImpl.invoke0(Native Method)
	at sun.reflect.NativeMethodAccessorImpl.invoke(NativeMethodAccessorImpl.java:62)
	at sun.reflect.DelegatingMethodAccessorImpl.invoke(DelegatingMethodAccessorImpl.java:43)
	at java.lang.reflect.Method.invoke(Method.java:498)
	at com.intellij.rt.execution.application.AppMain.main(AppMain.java:147)
</stack-trace>
            </failure>
            <steps/>
            <attachments/>
            <labels>
                <label name="host" value="user-P5K"/>
                <label name="thread" value="11257@user-P5K.main(1)"/>
            </labels>
        </test-case>
    </test-cases>
    <labels>
        <label name="framework" value="TestNG"/>
        <label name="language" value="JAVA"/>
    </labels>
</ns2:test-suite>
